{"/Users/benweitzer/projects/GSR/adk/frontend/utils.js": {"path":"/Users/benweitzer/projects/GSR/adk/frontend/utils.js","statementMap":{"0":{"start":{"line":2,"column":4},"end":{"line":2,"column":24}},"1":{"start":{"line":2,"column":14},"end":{"line":2,"column":24}},"2":{"start":{"line":3,"column":4},"end":{"line":11,"column":6}},"3":{"start":{"line":4,"column":16},"end":{"line":10,"column":14}},"4":{"start":{"line":15,"column":17},"end":{"line":15,"column":61}},"5":{"start":{"line":16,"column":21},"end":{"line":16,"column":34}},"6":{"start":{"line":17,"column":18},"end":{"line":17,"column":38}},"7":{"start":{"line":18,"column":20},"end":{"line":18,"column":31}},"8":{"start":{"line":19,"column":4},"end":{"line":22,"column":6}},"9":{"start":{"line":20,"column":33},"end":{"line":20,"column":41}}},"fnMap":{"0":{"name":"escapeHTML","decl":{"start":{"line":1,"column":16},"end":{"line":1,"column":26}},"loc":{"start":{"line":1,"column":32},"end":{"line":12,"column":1}},"line":1},"1":{"name":"(anonymous_1)","decl":{"start":{"line":4,"column":8},"end":{"line":4,"column":9}},"loc":{"start":{"line":4,"column":16},"end":{"line":10,"column":14}},"line":4},"2":{"name":"parseStreamChunk","decl":{"start":{"line":14,"column":16},"end":{"line":14,"column":32}},"loc":{"start":{"line":14,"column":67},"end":{"line":23,"column":1}},"line":14},"3":{"name":"(anonymous_3)","decl":{"start":{"line":20,"column":28},"end":{"line":20,"column":29}},"loc":{"start":{"line":20,"column":33},"end":{"line":20,"column":41}},"line":20}},"branchMap":{"0":{"loc":{"start":{"line":2,"column":4},"end":{"line":2,"column":24}},"type":"if","locations":[{"start":{"line":2,"column":4},"end":{"line":2,"column":24}},{"start":{},"end":{}}],"line":2},"1":{"loc":{"start":{"line":14,"column":54},"end":{"line":14,"column":65}},"type":"default-arg","locations":[{"start":{"line":14,"column":63},"end":{"line":14,"column":65}}],"line":14}},"s":{"0":5,"1":2,"2":3,"3":8,"4":3,"5":3,"6":3,"7":3,"8":3,"9":4},"f":{"0":5,"1":8,"2":3,"3":4},"b":{"0":[2,3],"1":[0]},"_coverageSchema":"1a1c01bbd47fc00a2c39e90264f33305004495a9","hash":"cb5184cfb8896bac46e32851fd7f8812d211ff3b"}
}
