{"/Users/benweitzer/projects/GSR/adk/backend/src/agent.ts": {"path":"/Users/benweitzer/projects/GSR/adk/backend/src/agent.ts","statementMap":{"0":{"start":{"line":12,"column":4},"end":{"line":12,"column":21}},"1":{"start":{"line":13,"column":4},"end":{"line":13,"column":45}},"2":{"start":{"line":16,"column":4},"end":{"line":16,"column":70}},"3":{"start":{"line":20,"column":19},"end":{"line":20,"column":42}},"4":{"start":{"line":22,"column":4},"end":{"line":61,"column":5}},"5":{"start":{"line":23,"column":6},"end":{"line":23,"column":82}},"6":{"start":{"line":25,"column":23},"end":{"line":48,"column":8}},"7":{"start":{"line":50,"column":6},"end":{"line":50,"column":83}},"8":{"start":{"line":52,"column":6},"end":{"line":55,"column":7}},"9":{"start":{"line":53,"column":27},"end":{"line":53,"column":74}},"10":{"start":{"line":54,"column":10},"end":{"line":54,"column":83}},"11":{"start":{"line":54,"column":36},"end":{"line":54,"column":80}},"12":{"start":{"line":56,"column":6},"end":{"line":56,"column":16}},"13":{"start":{"line":59,"column":6},"end":{"line":59,"column":106}},"14":{"start":{"line":60,"column":6},"end":{"line":60,"column":16}},"15":{"start":{"line":66,"column":24},"end":{"line":68,"column":47}},"16":{"start":{"line":69,"column":23},"end":{"line":69,"column":110}},"17":{"start":{"line":71,"column":23},"end":{"line":71,"column":25}},"18":{"start":{"line":72,"column":4},"end":{"line":77,"column":5}},"19":{"start":{"line":73,"column":6},"end":{"line":73,"column":57}},"20":{"start":{"line":75,"column":6},"end":{"line":75,"column":82}},"21":{"start":{"line":76,"column":6},"end":{"line":76,"column":87}},"22":{"start":{"line":79,"column":4},"end":{"line":91,"column":2}}},"fnMap":{"0":{"name":"(anonymous_0)","decl":{"start":{"line":11,"column":2},"end":{"line":11,"column":14}},"loc":{"start":{"line":11,"column":52},"end":{"line":17,"column":3}}},"1":{"name":"(anonymous_1)","decl":{"start":{"line":19,"column":2},"end":{"line":19,"column":7}},"loc":{"start":{"line":19,"column":32},"end":{"line":62,"column":3}}},"2":{"name":"(anonymous_2)","decl":{"start":{"line":54,"column":30},"end":{"line":54,"column":31}},"loc":{"start":{"line":54,"column":36},"end":{"line":54,"column":80}}},"3":{"name":"(anonymous_3)","decl":{"start":{"line":64,"column":10},"end":{"line":64,"column":21}},"loc":{"start":{"line":64,"column":38},"end":{"line":92,"column":3}}}},"branchMap":{"0":{"loc":{"start":{"line":26,"column":16},"end":{"line":26,"column":60}},"type":"binary-expr","locations":[{"start":{"line":26,"column":16},"end":{"line":26,"column":40}},{"start":{"line":26,"column":44},"end":{"line":26,"column":60}}]},"1":{"loc":{"start":{"line":52,"column":6},"end":{"line":55,"column":7}},"type":"if","locations":[{"start":{"line":52,"column":6},"end":{"line":55,"column":7}},{"start":{},"end":{}}]},"2":{"loc":{"start":{"line":66,"column":24},"end":{"line":68,"column":47}},"type":"cond-expr","locations":[{"start":{"line":67,"column":10},"end":{"line":67,"column":46}},{"start":{"line":68,"column":10},"end":{"line":68,"column":47}}]}},"s":{"0":8,"1":8,"2":8,"3":3,"4":3,"5":3,"6":3,"7":2,"8":2,"9":1,"10":1,"11":1,"12":1,"13":1,"14":1,"15":3,"16":3,"17":3,"18":3,"19":3,"20":0,"21":0,"22":3},"f":{"0":8,"1":3,"2":1,"3":3},"b":{"0":[3,0],"1":[1,1],"2":[0,3]}}
,"/Users/benweitzer/projects/GSR/adk/backend/src/app.ts": {"path":"/Users/benweitzer/projects/GSR/adk/backend/src/app.ts","statementMap":{"0":{"start":{"line":7,"column":19},"end":{"line":7,"column":28}},"1":{"start":{"line":8,"column":0},"end":{"line":8,"column":16}},"2":{"start":{"line":9,"column":0},"end":{"line":9,"column":24}},"3":{"start":{"line":12,"column":0},"end":{"line":15,"column":3}},"4":{"start":{"line":13,"column":2},"end":{"line":13,"column":56}},"5":{"start":{"line":14,"column":2},"end":{"line":14,"column":9}},"6":{"start":{"line":17,"column":0},"end":{"line":26,"column":3}},"7":{"start":{"line":18,"column":22},"end":{"line":18,"column":50}},"8":{"start":{"line":19,"column":19},"end":{"line":19,"column":63}},"9":{"start":{"line":21,"column":2},"end":{"line":25,"column":5}},"10":{"start":{"line":28,"column":0},"end":{"line":71,"column":3}},"11":{"start":{"line":29,"column":23},"end":{"line":29,"column":31}},"12":{"start":{"line":31,"column":2},"end":{"line":33,"column":3}},"13":{"start":{"line":32,"column":4},"end":{"line":32,"column":82}},"14":{"start":{"line":35,"column":2},"end":{"line":35,"column":53}},"15":{"start":{"line":37,"column":2},"end":{"line":70,"column":3}},"16":{"start":{"line":38,"column":21},"end":{"line":38,"column":42}},"17":{"start":{"line":39,"column":25},"end":{"line":39,"column":44}},"18":{"start":{"line":41,"column":4},"end":{"line":41,"column":47}},"19":{"start":{"line":42,"column":19},"end":{"line":42,"column":48}},"20":{"start":{"line":43,"column":4},"end":{"line":43,"column":64}},"21":{"start":{"line":45,"column":4},"end":{"line":45,"column":58}},"22":{"start":{"line":48,"column":4},"end":{"line":48,"column":58}},"23":{"start":{"line":49,"column":4},"end":{"line":49,"column":47}},"24":{"start":{"line":50,"column":4},"end":{"line":50,"column":46}},"25":{"start":{"line":52,"column":4},"end":{"line":55,"column":6}},"26":{"start":{"line":53,"column":6},"end":{"line":53,"column":73}},"27":{"start":{"line":54,"column":6},"end":{"line":54,"column":93}},"28":{"start":{"line":57,"column":21},"end":{"line":57,"column":57}},"29":{"start":{"line":58,"column":4},"end":{"line":58,"column":75}},"30":{"start":{"line":60,"column":4},"end":{"line":60,"column":75}},"31":{"start":{"line":61,"column":4},"end":{"line":61,"column":14}},"32":{"start":{"line":63,"column":4},"end":{"line":63,"column":49}},"33":{"start":{"line":64,"column":4},"end":{"line":69,"column":5}},"34":{"start":{"line":65,"column":6},"end":{"line":65,"column":80}},"35":{"start":{"line":67,"column":6},"end":{"line":67,"column":107}},"36":{"start":{"line":68,"column":6},"end":{"line":68,"column":16}}},"fnMap":{"0":{"name":"(anonymous_0)","decl":{"start":{"line":12,"column":8},"end":{"line":12,"column":9}},"loc":{"start":{"line":12,"column":27},"end":{"line":15,"column":1}}},"1":{"name":"(anonymous_1)","decl":{"start":{"line":17,"column":23},"end":{"line":17,"column":24}},"loc":{"start":{"line":17,"column":36},"end":{"line":26,"column":1}}},"2":{"name":"(anonymous_2)","decl":{"start":{"line":28,"column":24},"end":{"line":28,"column":29}},"loc":{"start":{"line":28,"column":43},"end":{"line":71,"column":1}}},"3":{"name":"(anonymous_3)","decl":{"start":{"line":52,"column":30},"end":{"line":52,"column":31}},"loc":{"start":{"line":52,"column":58},"end":{"line":55,"column":5}}}},"branchMap":{"0":{"loc":{"start":{"line":19,"column":19},"end":{"line":19,"column":63}},"type":"binary-expr","locations":[{"start":{"line":19,"column":19},"end":{"line":19,"column":43}},{"start":{"line":19,"column":47},"end":{"line":19,"column":63}}]},"1":{"loc":{"start":{"line":31,"column":2},"end":{"line":33,"column":3}},"type":"if","locations":[{"start":{"line":31,"column":2},"end":{"line":33,"column":3}},{"start":{},"end":{}}]},"2":{"loc":{"start":{"line":31,"column":6},"end":{"line":31,"column":18}},"type":"binary-expr","locations":[{"start":{"line":31,"column":6},"end":{"line":31,"column":10}},{"start":{"line":31,"column":14},"end":{"line":31,"column":18}}]},"3":{"loc":{"start":{"line":64,"column":4},"end":{"line":69,"column":5}},"type":"if","locations":[{"start":{"line":64,"column":4},"end":{"line":69,"column":5}},{"start":{"line":66,"column":11},"end":{"line":69,"column":5}}]},"4":{"loc":{"start":{"line":65,"column":36},"end":{"line":65,"column":76}},"type":"binary-expr","locations":[{"start":{"line":65,"column":36},"end":{"line":65,"column":49}},{"start":{"line":65,"column":53},"end":{"line":65,"column":76}}]},"5":{"loc":{"start":{"line":67,"column":55},"end":{"line":67,"column":95}},"type":"binary-expr","locations":[{"start":{"line":67,"column":55},"end":{"line":67,"column":68}},{"start":{"line":67,"column":72},"end":{"line":67,"column":95}}]}},"s":{"0":1,"1":1,"2":1,"3":1,"4":2,"5":2,"6":1,"7":0,"8":0,"9":0,"10":1,"11":2,"12":2,"13":2,"14":0,"15":0,"16":0,"17":0,"18":0,"19":0,"20":0,"21":0,"22":0,"23":0,"24":0,"25":0,"26":0,"27":0,"28":0,"29":0,"30":0,"31":0,"32":0,"33":0,"34":0,"35":0,"36":0},"f":{"0":2,"1":0,"2":2,"3":0},"b":{"0":[0,0],"1":[2,0],"2":[2,1],"3":[0,0],"4":[0,0],"5":[0,0]}}
,"/Users/benweitzer/projects/GSR/adk/backend/src/github.ts": {"path":"/Users/benweitzer/projects/GSR/adk/backend/src/github.ts","statementMap":{"0":{"start":{"line":8,"column":4},"end":{"line":8,"column":46}},"1":{"start":{"line":15,"column":18},"end":{"line":15,"column":64}},"2":{"start":{"line":16,"column":18},"end":{"line":16,"column":34}},"3":{"start":{"line":17,"column":4},"end":{"line":19,"column":5}},"4":{"start":{"line":18,"column":6},"end":{"line":18,"column":58}},"5":{"start":{"line":20,"column":4},"end":{"line":24,"column":6}},"6":{"start":{"line":31,"column":41},"end":{"line":31,"column":61}},"7":{"start":{"line":33,"column":4},"end":{"line":48,"column":5}},"8":{"start":{"line":34,"column":23},"end":{"line":41,"column":8}},"9":{"start":{"line":43,"column":22},"end":{"line":43,"column":56}},"10":{"start":{"line":44,"column":6},"end":{"line":44,"column":37}},"11":{"start":{"line":46,"column":6},"end":{"line":46,"column":55}},"12":{"start":{"line":47,"column":6},"end":{"line":47,"column":67}},"13":{"start":{"line":55,"column":32},"end":{"line":55,"column":34}},"14":{"start":{"line":56,"column":18},"end":{"line":56,"column":66}},"15":{"start":{"line":59,"column":4},"end":{"line":68,"column":5}},"16":{"start":{"line":59,"column":17},"end":{"line":59,"column":18}},"17":{"start":{"line":60,"column":23},"end":{"line":60,"column":31}},"18":{"start":{"line":61,"column":22},"end":{"line":61,"column":42}},"19":{"start":{"line":62,"column":6},"end":{"line":67,"column":7}},"20":{"start":{"line":63,"column":8},"end":{"line":66,"column":11}},"21":{"start":{"line":69,"column":4},"end":{"line":69,"column":18}}},"fnMap":{"0":{"name":"(anonymous_0)","decl":{"start":{"line":7,"column":2},"end":{"line":7,"column":14}},"loc":{"start":{"line":7,"column":25},"end":{"line":9,"column":3}}},"1":{"name":"(anonymous_1)","decl":{"start":{"line":14,"column":9},"end":{"line":14,"column":19}},"loc":{"start":{"line":14,"column":31},"end":{"line":25,"column":3}}},"2":{"name":"(anonymous_2)","decl":{"start":{"line":30,"column":9},"end":{"line":30,"column":14}},"loc":{"start":{"line":30,"column":36},"end":{"line":49,"column":3}}},"3":{"name":"(anonymous_3)","decl":{"start":{"line":54,"column":10},"end":{"line":54,"column":19}},"loc":{"start":{"line":54,"column":35},"end":{"line":70,"column":3}}}},"branchMap":{"0":{"loc":{"start":{"line":17,"column":4},"end":{"line":19,"column":5}},"type":"if","locations":[{"start":{"line":17,"column":4},"end":{"line":19,"column":5}},{"start":{},"end":{}}]},"1":{"loc":{"start":{"line":62,"column":6},"end":{"line":67,"column":7}},"type":"if","locations":[{"start":{"line":62,"column":6},"end":{"line":67,"column":7}},{"start":{},"end":{}}]},"2":{"loc":{"start":{"line":62,"column":10},"end":{"line":62,"column":29}},"type":"binary-expr","locations":[{"start":{"line":62,"column":10},"end":{"line":62,"column":18}},{"start":{"line":62,"column":22},"end":{"line":62,"column":29}}]}},"s":{"0":3,"1":2,"2":2,"3":2,"4":1,"5":1,"6":0,"7":0,"8":0,"9":0,"10":0,"11":0,"12":0,"13":1,"14":1,"15":1,"16":1,"17":2,"18":2,"19":2,"20":2,"21":1},"f":{"0":3,"1":2,"2":0,"3":1},"b":{"0":[1,1],"1":[2,0],"2":[2,2]}}
,"/Users/benweitzer/projects/GSR/adk/backend/src/orchestrator.ts": {"path":"/Users/benweitzer/projects/GSR/adk/backend/src/orchestrator.ts","statementMap":{"0":{"start":{"line":6,"column":34},"end":{"line":6,"column":36}},"1":{"start":{"line":11,"column":4},"end":{"line":11,"column":41}},"2":{"start":{"line":12,"column":4},"end":{"line":12,"column":28}},"3":{"start":{"line":16,"column":4},"end":{"line":18,"column":6}},"4":{"start":{"line":22,"column":4},"end":{"line":24,"column":5}},"5":{"start":{"line":23,"column":8},"end":{"line":23,"column":18}},"6":{"start":{"line":26,"column":17},"end":{"line":26,"column":53}},"7":{"start":{"line":27,"column":44},"end":{"line":27,"column":46}},"8":{"start":{"line":30,"column":57},"end":{"line":30,"column":59}},"9":{"start":{"line":32,"column":4},"end":{"line":52,"column":5}},"10":{"start":{"line":33,"column":6},"end":{"line":51,"column":7}},"11":{"start":{"line":34,"column":8},"end":{"line":50,"column":11}},"12":{"start":{"line":35,"column":12},"end":{"line":37,"column":13}},"13":{"start":{"line":36,"column":16},"end":{"line":36,"column":65}},"14":{"start":{"line":38,"column":12},"end":{"line":49,"column":13}},"15":{"start":{"line":39,"column":28},"end":{"line":39,"column":54}},"16":{"start":{"line":40,"column":16},"end":{"line":42,"column":17}},"17":{"start":{"line":41,"column":20},"end":{"line":41,"column":72}},"18":{"start":{"line":43,"column":16},"end":{"line":43,"column":27}},"19":{"start":{"line":45,"column":16},"end":{"line":47,"column":17}},"20":{"start":{"line":46,"column":20},"end":{"line":46,"column":72}},"21":{"start":{"line":48,"column":16},"end":{"line":48,"column":26}},"22":{"start":{"line":54,"column":4},"end":{"line":54,"column":109}},"23":{"start":{"line":56,"column":20},"end":{"line":56,"column":66}},"24":{"start":{"line":56,"column":53},"end":{"line":56,"column":64}},"25":{"start":{"line":59,"column":4},"end":{"line":61,"column":5}},"26":{"start":{"line":60,"column":8},"end":{"line":60,"column":36}},"27":{"start":{"line":64,"column":4},"end":{"line":64,"column":51}},"28":{"start":{"line":68,"column":53},"end":{"line":68,"column":104}},"29":{"start":{"line":69,"column":23},"end":{"line":69,"column":69}},"30":{"start":{"line":71,"column":6},"end":{"line":74,"column":9}},"31":{"start":{"line":72,"column":24},"end":{"line":72,"column":69}},"32":{"start":{"line":73,"column":10},"end":{"line":73,"column":35}}},"fnMap":{"0":{"name":"(anonymous_0)","decl":{"start":{"line":10,"column":2},"end":{"line":10,"column":14}},"loc":{"start":{"line":10,"column":40},"end":{"line":13,"column":3}}},"1":{"name":"(anonymous_1)","decl":{"start":{"line":15,"column":10},"end":{"line":15,"column":26}},"loc":{"start":{"line":15,"column":26},"end":{"line":19,"column":3}}},"2":{"name":"(anonymous_2)","decl":{"start":{"line":21,"column":9},"end":{"line":21,"column":14}},"loc":{"start":{"line":21,"column":44},"end":{"line":65,"column":3}}},"3":{"name":"(anonymous_3)","decl":{"start":{"line":34,"column":19},"end":{"line":34,"column":24}},"loc":{"start":{"line":34,"column":30},"end":{"line":50,"column":9}}},"4":{"name":"(anonymous_4)","decl":{"start":{"line":56,"column":48},"end":{"line":56,"column":49}},"loc":{"start":{"line":56,"column":53},"end":{"line":56,"column":64}}},"5":{"name":"(anonymous_5)","decl":{"start":{"line":67,"column":10},"end":{"line":67,"column":24}},"loc":{"start":{"line":67,"column":74},"end":{"line":75,"column":3}}},"6":{"name":"(anonymous_6)","decl":{"start":{"line":71,"column":29},"end":{"line":71,"column":30}},"loc":{"start":{"line":71,"column":33},"end":{"line":74,"column":7}}}},"branchMap":{"0":{"loc":{"start":{"line":10,"column":14},"end":{"line":10,"column":40}},"type":"default-arg","locations":[{"start":{"line":10,"column":39},"end":{"line":10,"column":40}}]},"1":{"loc":{"start":{"line":22,"column":4},"end":{"line":24,"column":5}},"type":"if","locations":[{"start":{"line":22,"column":4},"end":{"line":24,"column":5}},{"start":{},"end":{}}]},"2":{"loc":{"start":{"line":22,"column":8},"end":{"line":22,"column":38}},"type":"binary-expr","locations":[{"start":{"line":22,"column":8},"end":{"line":22,"column":15}},{"start":{"line":22,"column":19},"end":{"line":22,"column":38}}]},"3":{"loc":{"start":{"line":35,"column":12},"end":{"line":37,"column":13}},"type":"if","locations":[{"start":{"line":35,"column":12},"end":{"line":37,"column":13}},{"start":{},"end":{}}]},"4":{"loc":{"start":{"line":40,"column":16},"end":{"line":42,"column":17}},"type":"if","locations":[{"start":{"line":40,"column":16},"end":{"line":42,"column":17}},{"start":{},"end":{}}]},"5":{"loc":{"start":{"line":45,"column":16},"end":{"line":47,"column":17}},"type":"if","locations":[{"start":{"line":45,"column":16},"end":{"line":47,"column":17}},{"start":{},"end":{}}]},"6":{"loc":{"start":{"line":69,"column":23},"end":{"line":69,"column":69}},"type":"binary-expr","locations":[{"start":{"line":69,"column":23},"end":{"line":69,"column":64}},{"start":{"line":69,"column":68},"end":{"line":69,"column":69}}]},"7":{"loc":{"start":{"line":72,"column":24},"end":{"line":72,"column":69}},"type":"binary-expr","locations":[{"start":{"line":72,"column":24},"end":{"line":72,"column":64}},{"start":{"line":72,"column":68},"end":{"line":72,"column":69}}]}},"s":{"0":4,"1":4,"2":4,"3":4,"4":3,"5":1,"6":2,"7":2,"8":2,"9":2,"10":2,"11":2,"12":2,"13":2,"14":2,"15":2,"16":1,"17":1,"18":1,"19":1,"20":1,"21":1,"22":2,"23":2,"24":2,"25":1,"26":1,"27":1,"28":1,"29":1,"30":1,"31":2,"32":2},"f":{"0":4,"1":4,"2":3,"3":2,"4":2,"5":1,"6":2},"b":{"0":[2],"1":[1,2],"2":[3,3],"3":[2,0],"4":[1,0],"5":[1,0],"6":[1,0],"7":[2,1]}}
,"/Users/benweitzer/projects/GSR/adk/backend/src/pool.ts": {"path":"/Users/benweitzer/projects/GSR/adk/backend/src/pool.ts","statementMap":{"0":{"start":{"line":2,"column":43},"end":{"line":2,"column":45}},"1":{"start":{"line":3,"column":24},"end":{"line":3,"column":25}},"2":{"start":{"line":5,"column":31},"end":{"line":5,"column":53}},"3":{"start":{"line":8,"column":4},"end":{"line":23,"column":7}},"4":{"start":{"line":9,"column":26},"end":{"line":19,"column":7}},"5":{"start":{"line":10,"column":8},"end":{"line":18,"column":9}},"6":{"start":{"line":11,"column":25},"end":{"line":11,"column":37}},"7":{"start":{"line":12,"column":10},"end":{"line":12,"column":26}},"8":{"start":{"line":14,"column":10},"end":{"line":14,"column":24}},"9":{"start":{"line":16,"column":10},"end":{"line":16,"column":29}},"10":{"start":{"line":17,"column":10},"end":{"line":17,"column":22}},"11":{"start":{"line":21,"column":6},"end":{"line":21,"column":35}},"12":{"start":{"line":22,"column":6},"end":{"line":22,"column":18}},"13":{"start":{"line":27,"column":4},"end":{"line":33,"column":5}},"14":{"start":{"line":28,"column":19},"end":{"line":28,"column":37}},"15":{"start":{"line":29,"column":6},"end":{"line":32,"column":7}},"16":{"start":{"line":30,"column":8},"end":{"line":30,"column":27}},"17":{"start":{"line":31,"column":8},"end":{"line":31,"column":15}}},"fnMap":{"0":{"name":"(anonymous_0)","decl":{"start":{"line":5,"column":2},"end":{"line":5,"column":31}},"loc":{"start":{"line":5,"column":53},"end":{"line":5,"column":57}}},"1":{"name":"(anonymous_1)","decl":{"start":{"line":7,"column":2},"end":{"line":7,"column":7}},"loc":{"start":{"line":7,"column":37},"end":{"line":24,"column":3}}},"2":{"name":"(anonymous_2)","decl":{"start":{"line":8,"column":26},"end":{"line":8,"column":27}},"loc":{"start":{"line":8,"column":46},"end":{"line":23,"column":5}}},"3":{"name":"(anonymous_3)","decl":{"start":{"line":9,"column":26},"end":{"line":9,"column":31}},"loc":{"start":{"line":9,"column":37},"end":{"line":19,"column":7}}},"4":{"name":"(anonymous_4)","decl":{"start":{"line":26,"column":10},"end":{"line":26,"column":14}},"loc":{"start":{"line":26,"column":14},"end":{"line":34,"column":3}}}},"branchMap":{"0":{"loc":{"start":{"line":27,"column":4},"end":{"line":33,"column":5}},"type":"if","locations":[{"start":{"line":27,"column":4},"end":{"line":33,"column":5}},{"start":{},"end":{}}]},"1":{"loc":{"start":{"line":27,"column":8},"end":{"line":27,"column":71}},"type":"binary-expr","locations":[{"start":{"line":27,"column":8},"end":{"line":27,"column":46}},{"start":{"line":27,"column":50},"end":{"line":27,"column":71}}]},"2":{"loc":{"start":{"line":29,"column":6},"end":{"line":32,"column":7}},"type":"if","locations":[{"start":{"line":29,"column":6},"end":{"line":32,"column":7}},{"start":{},"end":{}}]}},"s":{"0":5,"1":5,"2":5,"3":10,"4":10,"5":10,"6":10,"7":8,"8":2,"9":10,"10":10,"11":10,"12":10,"13":20,"14":10,"15":10,"16":10,"17":10},"f":{"0":5,"1":10,"2":10,"3":10,"4":20},"b":{"0":[10,10],"1":[20,18],"2":[10,0]}}
}
