{"/Users/benweitzer/projects/GSR/adk/backend/src/agent.ts": {"path":"/Users/benweitzer/projects/GSR/adk/backend/src/agent.ts","statementMap":{"0":{"start":{"line":12,"column":4},"end":{"line":12,"column":21}},"1":{"start":{"line":13,"column":4},"end":{"line":13,"column":45}},"2":{"start":{"line":16,"column":4},"end":{"line":16,"column":70}},"3":{"start":{"line":20,"column":19},"end":{"line":20,"column":42}},"4":{"start":{"line":22,"column":4},"end":{"line":68,"column":5}},"5":{"start":{"line":23,"column":6},"end":{"line":23,"column":82}},"6":{"start":{"line":25,"column":23},"end":{"line":48,"column":8}},"7":{"start":{"line":50,"column":6},"end":{"line":50,"column":83}},"8":{"start":{"line":52,"column":6},"end":{"line":62,"column":7}},"9":{"start":{"line":53,"column":27},"end":{"line":53,"column":74}},"10":{"start":{"line":54,"column":10},"end":{"line":61,"column":12}},"11":{"start":{"line":55,"column":41},"end":{"line":55,"column":85}},"12":{"start":{"line":63,"column":6},"end":{"line":63,"column":30}},"13":{"start":{"line":66,"column":6},"end":{"line":66,"column":106}},"14":{"start":{"line":67,"column":6},"end":{"line":67,"column":30}},"15":{"start":{"line":73,"column":24},"end":{"line":73,"column":61}},"16":{"start":{"line":75,"column":23},"end":{"line":75,"column":110}},"17":{"start":{"line":77,"column":23},"end":{"line":77,"column":25}},"18":{"start":{"line":78,"column":4},"end":{"line":83,"column":5}},"19":{"start":{"line":79,"column":6},"end":{"line":79,"column":57}},"20":{"start":{"line":81,"column":6},"end":{"line":81,"column":82}},"21":{"start":{"line":82,"column":6},"end":{"line":82,"column":87}},"22":{"start":{"line":85,"column":4},"end":{"line":97,"column":2}}},"fnMap":{"0":{"name":"(anonymous_0)","decl":{"start":{"line":11,"column":2},"end":{"line":11,"column":14}},"loc":{"start":{"line":11,"column":52},"end":{"line":17,"column":3}}},"1":{"name":"(anonymous_1)","decl":{"start":{"line":19,"column":2},"end":{"line":19,"column":7}},"loc":{"start":{"line":19,"column":32},"end":{"line":69,"column":3}}},"2":{"name":"(anonymous_2)","decl":{"start":{"line":55,"column":35},"end":{"line":55,"column":36}},"loc":{"start":{"line":55,"column":41},"end":{"line":55,"column":85}}},"3":{"name":"(anonymous_3)","decl":{"start":{"line":71,"column":10},"end":{"line":71,"column":21}},"loc":{"start":{"line":71,"column":38},"end":{"line":98,"column":3}}}},"branchMap":{"0":{"loc":{"start":{"line":26,"column":16},"end":{"line":26,"column":60}},"type":"binary-expr","locations":[{"start":{"line":26,"column":16},"end":{"line":26,"column":40}},{"start":{"line":26,"column":44},"end":{"line":26,"column":60}}]},"1":{"loc":{"start":{"line":52,"column":6},"end":{"line":62,"column":7}},"type":"if","locations":[{"start":{"line":52,"column":6},"end":{"line":62,"column":7}},{"start":{},"end":{}}]},"2":{"loc":{"start":{"line":56,"column":19},"end":{"line":60,"column":25}},"type":"cond-expr","locations":[{"start":{"line":56,"column":44},"end":{"line":60,"column":14}},{"start":{"line":60,"column":16},"end":{"line":60,"column":25}}]},"3":{"loc":{"start":{"line":57,"column":34},"end":{"line":57,"column":78}},"type":"binary-expr","locations":[{"start":{"line":57,"column":34},"end":{"line":57,"column":73}},{"start":{"line":57,"column":77},"end":{"line":57,"column":78}}]},"4":{"loc":{"start":{"line":58,"column":38},"end":{"line":58,"column":86}},"type":"binary-expr","locations":[{"start":{"line":58,"column":38},"end":{"line":58,"column":81}},{"start":{"line":58,"column":85},"end":{"line":58,"column":86}}]},"5":{"loc":{"start":{"line":59,"column":33},"end":{"line":59,"column":76}},"type":"binary-expr","locations":[{"start":{"line":59,"column":33},"end":{"line":59,"column":71}},{"start":{"line":59,"column":75},"end":{"line":59,"column":76}}]}},"s":{"0":74,"1":74,"2":74,"3":3,"4":3,"5":3,"6":3,"7":2,"8":2,"9":1,"10":1,"11":1,"12":1,"13":1,"14":1,"15":3,"16":3,"17":3,"18":3,"19":3,"20":0,"21":0,"22":3},"f":{"0":74,"1":3,"2":1,"3":3},"b":{"0":[3,0],"1":[1,1],"2":[0,1],"3":[0,0],"4":[0,0],"5":[0,0]}}
,"/Users/benweitzer/projects/GSR/adk/backend/src/app.ts": {"path":"/Users/benweitzer/projects/GSR/adk/backend/src/app.ts","statementMap":{"0":{"start":{"line":7,"column":19},"end":{"line":7,"column":28}},"1":{"start":{"line":8,"column":0},"end":{"line":8,"column":16}},"2":{"start":{"line":9,"column":0},"end":{"line":9,"column":24}},"3":{"start":{"line":12,"column":0},"end":{"line":15,"column":3}},"4":{"start":{"line":13,"column":2},"end":{"line":13,"column":56}},"5":{"start":{"line":14,"column":2},"end":{"line":14,"column":9}},"6":{"start":{"line":17,"column":0},"end":{"line":26,"column":3}},"7":{"start":{"line":18,"column":22},"end":{"line":18,"column":50}},"8":{"start":{"line":19,"column":19},"end":{"line":19,"column":63}},"9":{"start":{"line":21,"column":2},"end":{"line":25,"column":5}},"10":{"start":{"line":28,"column":0},"end":{"line":72,"column":3}},"11":{"start":{"line":29,"column":23},"end":{"line":29,"column":31}},"12":{"start":{"line":31,"column":2},"end":{"line":33,"column":3}},"13":{"start":{"line":32,"column":4},"end":{"line":32,"column":82}},"14":{"start":{"line":35,"column":2},"end":{"line":35,"column":53}},"15":{"start":{"line":37,"column":2},"end":{"line":71,"column":3}},"16":{"start":{"line":38,"column":21},"end":{"line":38,"column":42}},"17":{"start":{"line":39,"column":25},"end":{"line":39,"column":44}},"18":{"start":{"line":41,"column":4},"end":{"line":41,"column":47}},"19":{"start":{"line":42,"column":19},"end":{"line":42,"column":48}},"20":{"start":{"line":43,"column":4},"end":{"line":43,"column":64}},"21":{"start":{"line":45,"column":4},"end":{"line":45,"column":58}},"22":{"start":{"line":48,"column":4},"end":{"line":48,"column":58}},"23":{"start":{"line":49,"column":4},"end":{"line":49,"column":47}},"24":{"start":{"line":50,"column":4},"end":{"line":50,"column":46}},"25":{"start":{"line":51,"column":4},"end":{"line":51,"column":23}},"26":{"start":{"line":53,"column":4},"end":{"line":56,"column":6}},"27":{"start":{"line":54,"column":6},"end":{"line":54,"column":73}},"28":{"start":{"line":55,"column":6},"end":{"line":55,"column":93}},"29":{"start":{"line":58,"column":19},"end":{"line":58,"column":55}},"30":{"start":{"line":59,"column":4},"end":{"line":59,"column":82}},"31":{"start":{"line":61,"column":4},"end":{"line":61,"column":107}},"32":{"start":{"line":62,"column":4},"end":{"line":62,"column":14}},"33":{"start":{"line":64,"column":4},"end":{"line":64,"column":49}},"34":{"start":{"line":65,"column":4},"end":{"line":70,"column":5}},"35":{"start":{"line":66,"column":6},"end":{"line":66,"column":80}},"36":{"start":{"line":68,"column":6},"end":{"line":68,"column":107}},"37":{"start":{"line":69,"column":6},"end":{"line":69,"column":16}}},"fnMap":{"0":{"name":"(anonymous_0)","decl":{"start":{"line":12,"column":8},"end":{"line":12,"column":9}},"loc":{"start":{"line":12,"column":27},"end":{"line":15,"column":1}}},"1":{"name":"(anonymous_1)","decl":{"start":{"line":17,"column":23},"end":{"line":17,"column":24}},"loc":{"start":{"line":17,"column":36},"end":{"line":26,"column":1}}},"2":{"name":"(anonymous_2)","decl":{"start":{"line":28,"column":24},"end":{"line":28,"column":29}},"loc":{"start":{"line":28,"column":43},"end":{"line":72,"column":1}}},"3":{"name":"(anonymous_3)","decl":{"start":{"line":53,"column":30},"end":{"line":53,"column":31}},"loc":{"start":{"line":53,"column":58},"end":{"line":56,"column":5}}}},"branchMap":{"0":{"loc":{"start":{"line":19,"column":19},"end":{"line":19,"column":63}},"type":"binary-expr","locations":[{"start":{"line":19,"column":19},"end":{"line":19,"column":43}},{"start":{"line":19,"column":47},"end":{"line":19,"column":63}}]},"1":{"loc":{"start":{"line":31,"column":2},"end":{"line":33,"column":3}},"type":"if","locations":[{"start":{"line":31,"column":2},"end":{"line":33,"column":3}},{"start":{},"end":{}}]},"2":{"loc":{"start":{"line":31,"column":6},"end":{"line":31,"column":18}},"type":"binary-expr","locations":[{"start":{"line":31,"column":6},"end":{"line":31,"column":10}},{"start":{"line":31,"column":14},"end":{"line":31,"column":18}}]},"3":{"loc":{"start":{"line":65,"column":4},"end":{"line":70,"column":5}},"type":"if","locations":[{"start":{"line":65,"column":4},"end":{"line":70,"column":5}},{"start":{"line":67,"column":11},"end":{"line":70,"column":5}}]},"4":{"loc":{"start":{"line":66,"column":36},"end":{"line":66,"column":76}},"type":"binary-expr","locations":[{"start":{"line":66,"column":36},"end":{"line":66,"column":49}},{"start":{"line":66,"column":53},"end":{"line":66,"column":76}}]},"5":{"loc":{"start":{"line":68,"column":55},"end":{"line":68,"column":95}},"type":"binary-expr","locations":[{"start":{"line":68,"column":55},"end":{"line":68,"column":68}},{"start":{"line":68,"column":72},"end":{"line":68,"column":95}}]}},"s":{"0":1,"1":1,"2":1,"3":1,"4":7,"5":7,"6":1,"7":2,"8":2,"9":2,"10":1,"11":5,"12":5,"13":2,"14":3,"15":3,"16":3,"17":3,"18":3,"19":3,"20":2,"21":2,"22":2,"23":2,"24":2,"25":2,"26":2,"27":2,"28":2,"29":2,"30":1,"31":1,"32":1,"33":2,"34":2,"35":1,"36":1,"37":1},"f":{"0":7,"1":2,"2":5,"3":2},"b":{"0":[2,2],"1":[2,3],"2":[5,4],"3":[1,1],"4":[1,0],"5":[1,0]}}
,"/Users/benweitzer/projects/GSR/adk/backend/src/github.ts": {"path":"/Users/benweitzer/projects/GSR/adk/backend/src/github.ts","statementMap":{"0":{"start":{"line":8,"column":4},"end":{"line":8,"column":46}},"1":{"start":{"line":15,"column":18},"end":{"line":15,"column":64}},"2":{"start":{"line":16,"column":18},"end":{"line":16,"column":34}},"3":{"start":{"line":17,"column":4},"end":{"line":19,"column":5}},"4":{"start":{"line":18,"column":6},"end":{"line":18,"column":58}},"5":{"start":{"line":20,"column":4},"end":{"line":24,"column":6}},"6":{"start":{"line":31,"column":41},"end":{"line":31,"column":61}},"7":{"start":{"line":33,"column":4},"end":{"line":48,"column":5}},"8":{"start":{"line":34,"column":23},"end":{"line":41,"column":8}},"9":{"start":{"line":43,"column":22},"end":{"line":43,"column":56}},"10":{"start":{"line":44,"column":6},"end":{"line":44,"column":37}},"11":{"start":{"line":46,"column":6},"end":{"line":46,"column":55}},"12":{"start":{"line":47,"column":6},"end":{"line":47,"column":67}},"13":{"start":{"line":55,"column":32},"end":{"line":55,"column":34}},"14":{"start":{"line":56,"column":18},"end":{"line":56,"column":66}},"15":{"start":{"line":59,"column":4},"end":{"line":68,"column":5}},"16":{"start":{"line":59,"column":17},"end":{"line":59,"column":18}},"17":{"start":{"line":60,"column":23},"end":{"line":60,"column":31}},"18":{"start":{"line":61,"column":22},"end":{"line":61,"column":42}},"19":{"start":{"line":62,"column":6},"end":{"line":67,"column":7}},"20":{"start":{"line":63,"column":8},"end":{"line":66,"column":11}},"21":{"start":{"line":69,"column":4},"end":{"line":69,"column":18}}},"fnMap":{"0":{"name":"(anonymous_0)","decl":{"start":{"line":7,"column":2},"end":{"line":7,"column":14}},"loc":{"start":{"line":7,"column":25},"end":{"line":9,"column":3}}},"1":{"name":"(anonymous_1)","decl":{"start":{"line":14,"column":9},"end":{"line":14,"column":19}},"loc":{"start":{"line":14,"column":31},"end":{"line":25,"column":3}}},"2":{"name":"(anonymous_2)","decl":{"start":{"line":30,"column":9},"end":{"line":30,"column":14}},"loc":{"start":{"line":30,"column":36},"end":{"line":49,"column":3}}},"3":{"name":"(anonymous_3)","decl":{"start":{"line":54,"column":10},"end":{"line":54,"column":19}},"loc":{"start":{"line":54,"column":35},"end":{"line":70,"column":3}}}},"branchMap":{"0":{"loc":{"start":{"line":17,"column":4},"end":{"line":19,"column":5}},"type":"if","locations":[{"start":{"line":17,"column":4},"end":{"line":19,"column":5}},{"start":{},"end":{}}]},"1":{"loc":{"start":{"line":62,"column":6},"end":{"line":67,"column":7}},"type":"if","locations":[{"start":{"line":62,"column":6},"end":{"line":67,"column":7}},{"start":{},"end":{}}]},"2":{"loc":{"start":{"line":62,"column":10},"end":{"line":62,"column":29}},"type":"binary-expr","locations":[{"start":{"line":62,"column":10},"end":{"line":62,"column":18}},{"start":{"line":62,"column":22},"end":{"line":62,"column":29}}]}},"s":{"0":8,"1":4,"2":4,"3":4,"4":1,"5":3,"6":2,"7":2,"8":2,"9":1,"10":1,"11":1,"12":1,"13":2,"14":2,"15":2,"16":2,"17":3,"18":3,"19":3,"20":3,"21":2},"f":{"0":8,"1":4,"2":2,"3":2},"b":{"0":[1,3],"1":[3,0],"2":[3,3]}}
,"/Users/benweitzer/projects/GSR/adk/backend/src/orchestrator.ts": {"path":"/Users/benweitzer/projects/GSR/adk/backend/src/orchestrator.ts","statementMap":{"0":{"start":{"line":9,"column":34},"end":{"line":9,"column":36}},"1":{"start":{"line":14,"column":4},"end":{"line":14,"column":41}},"2":{"start":{"line":15,"column":4},"end":{"line":15,"column":28}},"3":{"start":{"line":19,"column":24},"end":{"line":19,"column":61}},"4":{"start":{"line":20,"column":23},"end":{"line":20,"column":87}},"5":{"start":{"line":22,"column":4},"end":{"line":37,"column":5}},"6":{"start":{"line":23,"column":20},"end":{"line":23,"column":46}},"7":{"start":{"line":25,"column":6},"end":{"line":32,"column":11}},"8":{"start":{"line":26,"column":31},"end":{"line":26,"column":48}},"9":{"start":{"line":28,"column":25},"end":{"line":28,"column":45}},"10":{"start":{"line":30,"column":32},"end":{"line":30,"column":76}},"11":{"start":{"line":31,"column":12},"end":{"line":31,"column":51}},"12":{"start":{"line":33,"column":6},"end":{"line":33,"column":79}},"13":{"start":{"line":35,"column":6},"end":{"line":35,"column":75}},"14":{"start":{"line":36,"column":6},"end":{"line":36,"column":62}},"15":{"start":{"line":41,"column":17},"end":{"line":41,"column":40}},"16":{"start":{"line":43,"column":61},"end":{"line":48,"column":6}},"17":{"start":{"line":44,"column":21},"end":{"line":44,"column":142}},"18":{"start":{"line":45,"column":29},"end":{"line":45,"column":204}},"19":{"start":{"line":46,"column":24},"end":{"line":46,"column":139}},"20":{"start":{"line":47,"column":31},"end":{"line":47,"column":79}},"21":{"start":{"line":50,"column":4},"end":{"line":52,"column":5}},"22":{"start":{"line":51,"column":8},"end":{"line":51,"column":33}},"23":{"start":{"line":53,"column":4},"end":{"line":53,"column":16}},"24":{"start":{"line":57,"column":4},"end":{"line":59,"column":5}},"25":{"start":{"line":58,"column":8},"end":{"line":58,"column":88}},"26":{"start":{"line":61,"column":17},"end":{"line":61,"column":53}},"27":{"start":{"line":62,"column":44},"end":{"line":62,"column":46}},"28":{"start":{"line":63,"column":27},"end":{"line":63,"column":28}},"29":{"start":{"line":64,"column":28},"end":{"line":64,"column":29}},"30":{"start":{"line":67,"column":52},"end":{"line":67,"column":54}},"31":{"start":{"line":69,"column":4},"end":{"line":96,"column":5}},"32":{"start":{"line":70,"column":6},"end":{"line":95,"column":7}},"33":{"start":{"line":71,"column":8},"end":{"line":76,"column":9}},"34":{"start":{"line":72,"column":12},"end":{"line":74,"column":13}},"35":{"start":{"line":73,"column":16},"end":{"line":73,"column":67}},"36":{"start":{"line":75,"column":12},"end":{"line":75,"column":21}},"37":{"start":{"line":78,"column":8},"end":{"line":94,"column":11}},"38":{"start":{"line":79,"column":12},"end":{"line":81,"column":13}},"39":{"start":{"line":80,"column":16},"end":{"line":80,"column":65}},"40":{"start":{"line":82,"column":12},"end":{"line":93,"column":13}},"41":{"start":{"line":83,"column":28},"end":{"line":83,"column":54}},"42":{"start":{"line":84,"column":16},"end":{"line":86,"column":17}},"43":{"start":{"line":85,"column":20},"end":{"line":85,"column":72}},"44":{"start":{"line":87,"column":16},"end":{"line":87,"column":27}},"45":{"start":{"line":89,"column":16},"end":{"line":91,"column":17}},"46":{"start":{"line":90,"column":20},"end":{"line":90,"column":72}},"47":{"start":{"line":92,"column":16},"end":{"line":92,"column":26}},"48":{"start":{"line":98,"column":4},"end":{"line":98,"column":109}},"49":{"start":{"line":100,"column":20},"end":{"line":100,"column":66}},"50":{"start":{"line":100,"column":53},"end":{"line":100,"column":64}},"51":{"start":{"line":103,"column":4},"end":{"line":111,"column":5}},"52":{"start":{"line":104,"column":8},"end":{"line":106,"column":9}},"53":{"start":{"line":105,"column":12},"end":{"line":105,"column":49}},"54":{"start":{"line":107,"column":8},"end":{"line":110,"column":9}},"55":{"start":{"line":108,"column":12},"end":{"line":108,"column":67}},"56":{"start":{"line":109,"column":12},"end":{"line":109,"column":72}},"57":{"start":{"line":114,"column":29},"end":{"line":114,"column":68}},"58":{"start":{"line":116,"column":4},"end":{"line":123,"column":6}},"59":{"start":{"line":127,"column":53},"end":{"line":127,"column":104}},"60":{"start":{"line":128,"column":23},"end":{"line":128,"column":69}},"61":{"start":{"line":130,"column":6},"end":{"line":133,"column":9}},"62":{"start":{"line":131,"column":24},"end":{"line":131,"column":69}},"63":{"start":{"line":132,"column":10},"end":{"line":132,"column":35}}},"fnMap":{"0":{"name":"(anonymous_0)","decl":{"start":{"line":13,"column":2},"end":{"line":13,"column":14}},"loc":{"start":{"line":13,"column":40},"end":{"line":16,"column":3}}},"1":{"name":"(anonymous_1)","decl":{"start":{"line":18,"column":10},"end":{"line":18,"column":26}},"loc":{"start":{"line":18,"column":26},"end":{"line":38,"column":3}}},"2":{"name":"(anonymous_2)","decl":{"start":{"line":26,"column":16},"end":{"line":26,"column":17}},"loc":{"start":{"line":26,"column":31},"end":{"line":26,"column":48}}},"3":{"name":"(anonymous_3)","decl":{"start":{"line":27,"column":13},"end":{"line":27,"column":14}},"loc":{"start":{"line":27,"column":27},"end":{"line":32,"column":9}}},"4":{"name":"(anonymous_4)","decl":{"start":{"line":40,"column":10},"end":{"line":40,"column":19}},"loc":{"start":{"line":40,"column":51},"end":{"line":54,"column":3}}},"5":{"name":"(anonymous_5)","decl":{"start":{"line":44,"column":14},"end":{"line":44,"column":15}},"loc":{"start":{"line":44,"column":21},"end":{"line":44,"column":142}}},"6":{"name":"(anonymous_6)","decl":{"start":{"line":45,"column":22},"end":{"line":45,"column":23}},"loc":{"start":{"line":45,"column":29},"end":{"line":45,"column":204}}},"7":{"name":"(anonymous_7)","decl":{"start":{"line":46,"column":17},"end":{"line":46,"column":18}},"loc":{"start":{"line":46,"column":24},"end":{"line":46,"column":139}}},"8":{"name":"(anonymous_8)","decl":{"start":{"line":47,"column":24},"end":{"line":47,"column":25}},"loc":{"start":{"line":47,"column":31},"end":{"line":47,"column":79}}},"9":{"name":"(anonymous_9)","decl":{"start":{"line":56,"column":9},"end":{"line":56,"column":14}},"loc":{"start":{"line":56,"column":44},"end":{"line":124,"column":3}}},"10":{"name":"(anonymous_10)","decl":{"start":{"line":78,"column":19},"end":{"line":78,"column":24}},"loc":{"start":{"line":78,"column":30},"end":{"line":94,"column":9}}},"11":{"name":"(anonymous_11)","decl":{"start":{"line":100,"column":48},"end":{"line":100,"column":49}},"loc":{"start":{"line":100,"column":53},"end":{"line":100,"column":64}}},"12":{"name":"(anonymous_12)","decl":{"start":{"line":126,"column":10},"end":{"line":126,"column":24}},"loc":{"start":{"line":126,"column":74},"end":{"line":134,"column":3}}},"13":{"name":"(anonymous_13)","decl":{"start":{"line":130,"column":29},"end":{"line":130,"column":30}},"loc":{"start":{"line":130,"column":33},"end":{"line":133,"column":7}}}},"branchMap":{"0":{"loc":{"start":{"line":13,"column":14},"end":{"line":13,"column":40}},"type":"default-arg","locations":[{"start":{"line":13,"column":39},"end":{"line":13,"column":40}}]},"1":{"loc":{"start":{"line":44,"column":21},"end":{"line":44,"column":142}},"type":"binary-expr","locations":[{"start":{"line":44,"column":21},"end":{"line":44,"column":53}},{"start":{"line":44,"column":57},"end":{"line":44,"column":81}},{"start":{"line":44,"column":85},"end":{"line":44,"column":110}},{"start":{"line":44,"column":114},"end":{"line":44,"column":142}}]},"2":{"loc":{"start":{"line":45,"column":29},"end":{"line":45,"column":204}},"type":"binary-expr","locations":[{"start":{"line":45,"column":29},"end":{"line":45,"column":55}},{"start":{"line":45,"column":59},"end":{"line":45,"column":90}},{"start":{"line":45,"column":94},"end":{"line":45,"column":124}},{"start":{"line":45,"column":128},"end":{"line":45,"column":149}},{"start":{"line":45,"column":153},"end":{"line":45,"column":174}},{"start":{"line":45,"column":178},"end":{"line":45,"column":204}}]},"3":{"loc":{"start":{"line":46,"column":24},"end":{"line":46,"column":139}},"type":"binary-expr","locations":[{"start":{"line":46,"column":24},"end":{"line":46,"column":42}},{"start":{"line":46,"column":46},"end":{"line":46,"column":71}},{"start":{"line":46,"column":75},"end":{"line":46,"column":95}},{"start":{"line":46,"column":99},"end":{"line":46,"column":117}},{"start":{"line":46,"column":121},"end":{"line":46,"column":139}}]},"4":{"loc":{"start":{"line":47,"column":31},"end":{"line":47,"column":79}},"type":"binary-expr","locations":[{"start":{"line":47,"column":31},"end":{"line":47,"column":52}},{"start":{"line":47,"column":56},"end":{"line":47,"column":79}}]},"5":{"loc":{"start":{"line":50,"column":4},"end":{"line":52,"column":5}},"type":"if","locations":[{"start":{"line":50,"column":4},"end":{"line":52,"column":5}},{"start":{},"end":{}}]},"6":{"loc":{"start":{"line":57,"column":4},"end":{"line":59,"column":5}},"type":"if","locations":[{"start":{"line":57,"column":4},"end":{"line":59,"column":5}},{"start":{},"end":{}}]},"7":{"loc":{"start":{"line":57,"column":8},"end":{"line":57,"column":38}},"type":"binary-expr","locations":[{"start":{"line":57,"column":8},"end":{"line":57,"column":15}},{"start":{"line":57,"column":19},"end":{"line":57,"column":38}}]},"8":{"loc":{"start":{"line":71,"column":8},"end":{"line":76,"column":9}},"type":"if","locations":[{"start":{"line":71,"column":8},"end":{"line":76,"column":9}},{"start":{},"end":{}}]},"9":{"loc":{"start":{"line":72,"column":12},"end":{"line":74,"column":13}},"type":"if","locations":[{"start":{"line":72,"column":12},"end":{"line":74,"column":13}},{"start":{},"end":{}}]},"10":{"loc":{"start":{"line":79,"column":12},"end":{"line":81,"column":13}},"type":"if","locations":[{"start":{"line":79,"column":12},"end":{"line":81,"column":13}},{"start":{},"end":{}}]},"11":{"loc":{"start":{"line":84,"column":16},"end":{"line":86,"column":17}},"type":"if","locations":[{"start":{"line":84,"column":16},"end":{"line":86,"column":17}},{"start":{},"end":{}}]},"12":{"loc":{"start":{"line":89,"column":16},"end":{"line":91,"column":17}},"type":"if","locations":[{"start":{"line":89,"column":16},"end":{"line":91,"column":17}},{"start":{},"end":{}}]},"13":{"loc":{"start":{"line":104,"column":8},"end":{"line":106,"column":9}},"type":"if","locations":[{"start":{"line":104,"column":8},"end":{"line":106,"column":9}},{"start":{},"end":{}}]},"14":{"loc":{"start":{"line":107,"column":8},"end":{"line":110,"column":9}},"type":"if","locations":[{"start":{"line":107,"column":8},"end":{"line":110,"column":9}},{"start":{},"end":{}}]},"15":{"loc":{"start":{"line":108,"column":32},"end":{"line":108,"column":66}},"type":"binary-expr","locations":[{"start":{"line":108,"column":32},"end":{"line":108,"column":61}},{"start":{"line":108,"column":65},"end":{"line":108,"column":66}}]},"16":{"loc":{"start":{"line":109,"column":33},"end":{"line":109,"column":71}},"type":"binary-expr","locations":[{"start":{"line":109,"column":33},"end":{"line":109,"column":66}},{"start":{"line":109,"column":70},"end":{"line":109,"column":71}}]},"17":{"loc":{"start":{"line":128,"column":23},"end":{"line":128,"column":69}},"type":"binary-expr","locations":[{"start":{"line":128,"column":23},"end":{"line":128,"column":64}},{"start":{"line":128,"column":68},"end":{"line":128,"column":69}}]},"18":{"loc":{"start":{"line":131,"column":24},"end":{"line":131,"column":69}},"type":"binary-expr","locations":[{"start":{"line":131,"column":24},"end":{"line":131,"column":64}},{"start":{"line":131,"column":68},"end":{"line":131,"column":69}}]}},"s":{"0":7,"1":7,"2":7,"3":7,"4":7,"5":7,"6":7,"7":7,"8":70,"9":70,"10":70,"11":70,"12":7,"13":0,"14":0,"15":20,"16":20,"17":2,"18":2,"19":2,"20":2,"21":20,"22":8,"23":12,"24":3,"25":1,"26":2,"27":2,"28":2,"29":2,"30":2,"31":2,"32":2,"33":20,"34":8,"35":8,"36":8,"37":12,"38":12,"39":12,"40":12,"41":12,"42":6,"43":6,"44":6,"45":6,"46":6,"47":6,"48":2,"49":2,"50":12,"51":1,"52":6,"53":6,"54":6,"55":0,"56":0,"57":1,"58":1,"59":1,"60":1,"61":1,"62":12,"63":12},"f":{"0":7,"1":7,"2":70,"3":70,"4":20,"5":2,"6":2,"7":2,"8":2,"9":3,"10":12,"11":12,"12":1,"13":12},"b":{"0":[2],"1":[2,2,2,2],"2":[2,2,2,2,2,2],"3":[2,2,2,2,2],"4":[2,2],"5":[8,12],"6":[1,2],"7":[3,3],"8":[8,12],"9":[8,0],"10":[12,0],"11":[6,0],"12":[6,0],"13":[6,0],"14":[0,6],"15":[0,0],"16":[0,0],"17":[1,0],"18":[12,6]}}
,"/Users/benweitzer/projects/GSR/adk/backend/src/pool.ts": {"path":"/Users/benweitzer/projects/GSR/adk/backend/src/pool.ts","statementMap":{"0":{"start":{"line":2,"column":43},"end":{"line":2,"column":45}},"1":{"start":{"line":3,"column":24},"end":{"line":3,"column":25}},"2":{"start":{"line":5,"column":31},"end":{"line":5,"column":53}},"3":{"start":{"line":8,"column":4},"end":{"line":23,"column":7}},"4":{"start":{"line":9,"column":26},"end":{"line":19,"column":7}},"5":{"start":{"line":10,"column":8},"end":{"line":18,"column":9}},"6":{"start":{"line":11,"column":25},"end":{"line":11,"column":37}},"7":{"start":{"line":12,"column":10},"end":{"line":12,"column":26}},"8":{"start":{"line":14,"column":10},"end":{"line":14,"column":24}},"9":{"start":{"line":16,"column":10},"end":{"line":16,"column":29}},"10":{"start":{"line":17,"column":10},"end":{"line":17,"column":22}},"11":{"start":{"line":21,"column":6},"end":{"line":21,"column":35}},"12":{"start":{"line":22,"column":6},"end":{"line":22,"column":18}},"13":{"start":{"line":27,"column":4},"end":{"line":33,"column":5}},"14":{"start":{"line":28,"column":19},"end":{"line":28,"column":37}},"15":{"start":{"line":29,"column":6},"end":{"line":32,"column":7}},"16":{"start":{"line":30,"column":8},"end":{"line":30,"column":27}},"17":{"start":{"line":31,"column":8},"end":{"line":31,"column":15}}},"fnMap":{"0":{"name":"(anonymous_0)","decl":{"start":{"line":5,"column":2},"end":{"line":5,"column":31}},"loc":{"start":{"line":5,"column":53},"end":{"line":5,"column":57}}},"1":{"name":"(anonymous_1)","decl":{"start":{"line":7,"column":2},"end":{"line":7,"column":7}},"loc":{"start":{"line":7,"column":37},"end":{"line":24,"column":3}}},"2":{"name":"(anonymous_2)","decl":{"start":{"line":8,"column":26},"end":{"line":8,"column":27}},"loc":{"start":{"line":8,"column":46},"end":{"line":23,"column":5}}},"3":{"name":"(anonymous_3)","decl":{"start":{"line":9,"column":26},"end":{"line":9,"column":31}},"loc":{"start":{"line":9,"column":37},"end":{"line":19,"column":7}}},"4":{"name":"(anonymous_4)","decl":{"start":{"line":26,"column":10},"end":{"line":26,"column":14}},"loc":{"start":{"line":26,"column":14},"end":{"line":34,"column":3}}}},"branchMap":{"0":{"loc":{"start":{"line":27,"column":4},"end":{"line":33,"column":5}},"type":"if","locations":[{"start":{"line":27,"column":4},"end":{"line":33,"column":5}},{"start":{},"end":{}}]},"1":{"loc":{"start":{"line":27,"column":8},"end":{"line":27,"column":71}},"type":"binary-expr","locations":[{"start":{"line":27,"column":8},"end":{"line":27,"column":46}},{"start":{"line":27,"column":50},"end":{"line":27,"column":71}}]},"2":{"loc":{"start":{"line":29,"column":6},"end":{"line":32,"column":7}},"type":"if","locations":[{"start":{"line":29,"column":6},"end":{"line":32,"column":7}},{"start":{},"end":{}}]}},"s":{"0":5,"1":5,"2":5,"3":20,"4":20,"5":20,"6":20,"7":13,"8":7,"9":20,"10":20,"11":20,"12":20,"13":40,"14":20,"15":20,"16":20,"17":20},"f":{"0":5,"1":20,"2":20,"3":20,"4":40},"b":{"0":[20,20],"1":[40,28],"2":[20,0]}}
}
