TN:
SF:src/agent.ts
FN:11,(anonymous_0)
FN:19,(anonymous_1)
FN:55,(anonymous_2)
FN:71,(anonymous_3)
FNF:4
FNH:4
FNDA:74,(anonymous_0)
FNDA:3,(anonymous_1)
FNDA:1,(anonymous_2)
FNDA:3,(anonymous_3)
DA:12,74
DA:13,74
DA:16,74
DA:20,3
DA:22,3
DA:23,3
DA:25,3
DA:50,2
DA:52,2
DA:53,1
DA:54,1
DA:55,1
DA:63,1
DA:66,1
DA:67,1
DA:73,3
DA:75,3
DA:77,3
DA:78,3
DA:79,3
DA:81,0
DA:82,0
DA:85,3
LF:23
LH:21
BRDA:26,0,0,3
BRDA:26,0,1,0
BRDA:52,1,0,1
BRDA:52,1,1,1
BRDA:56,2,0,0
BRDA:56,2,1,1
BRDA:57,3,0,0
BRDA:57,3,1,0
BRDA:58,4,0,0
BRDA:58,4,1,0
BRDA:59,5,0,0
BRDA:59,5,1,0
BRF:12
BRH:4
end_of_record
TN:
SF:src/app.ts
FN:12,(anonymous_0)
FN:17,(anonymous_1)
FN:28,(anonymous_2)
FN:53,(anonymous_3)
FNF:4
FNH:4
FNDA:7,(anonymous_0)
FNDA:2,(anonymous_1)
FNDA:5,(anonymous_2)
FNDA:2,(anonymous_3)
DA:7,1
DA:8,1
DA:9,1
DA:12,1
DA:13,7
DA:14,7
DA:17,1
DA:18,2
DA:19,2
DA:21,2
DA:28,1
DA:29,5
DA:31,5
DA:32,2
DA:35,3
DA:37,3
DA:38,3
DA:39,3
DA:41,3
DA:42,3
DA:43,2
DA:45,2
DA:48,2
DA:49,2
DA:50,2
DA:51,2
DA:53,2
DA:54,2
DA:55,2
DA:58,2
DA:59,1
DA:61,1
DA:62,1
DA:64,2
DA:65,2
DA:66,1
DA:68,1
DA:69,1
LF:38
LH:38
BRDA:19,0,0,2
BRDA:19,0,1,2
BRDA:31,1,0,2
BRDA:31,1,1,3
BRDA:31,2,0,5
BRDA:31,2,1,4
BRDA:65,3,0,1
BRDA:65,3,1,1
BRDA:66,4,0,1
BRDA:66,4,1,0
BRDA:68,5,0,1
BRDA:68,5,1,0
BRF:12
BRH:10
end_of_record
TN:
SF:src/github.ts
FN:7,(anonymous_0)
FN:14,(anonymous_1)
FN:30,(anonymous_2)
FN:54,(anonymous_3)
FNF:4
FNH:4
FNDA:8,(anonymous_0)
FNDA:4,(anonymous_1)
FNDA:2,(anonymous_2)
FNDA:2,(anonymous_3)
DA:8,8
DA:15,4
DA:16,4
DA:17,4
DA:18,1
DA:20,3
DA:31,2
DA:33,2
DA:34,2
DA:43,1
DA:44,1
DA:46,1
DA:47,1
DA:55,2
DA:56,2
DA:59,2
DA:60,3
DA:61,3
DA:62,3
DA:63,3
DA:69,2
LF:21
LH:21
BRDA:17,0,0,1
BRDA:17,0,1,3
BRDA:62,1,0,3
BRDA:62,1,1,0
BRDA:62,2,0,3
BRDA:62,2,1,3
BRF:6
BRH:5
end_of_record
TN:
SF:src/orchestrator.ts
FN:13,(anonymous_0)
FN:18,(anonymous_1)
FN:26,(anonymous_2)
FN:27,(anonymous_3)
FN:40,(anonymous_4)
FN:44,(anonymous_5)
FN:45,(anonymous_6)
FN:46,(anonymous_7)
FN:47,(anonymous_8)
FN:56,(anonymous_9)
FN:78,(anonymous_10)
FN:100,(anonymous_11)
FN:126,(anonymous_12)
FN:130,(anonymous_13)
FNF:14
FNH:14
FNDA:7,(anonymous_0)
FNDA:7,(anonymous_1)
FNDA:70,(anonymous_2)
FNDA:70,(anonymous_3)
FNDA:20,(anonymous_4)
FNDA:2,(anonymous_5)
FNDA:2,(anonymous_6)
FNDA:2,(anonymous_7)
FNDA:2,(anonymous_8)
FNDA:3,(anonymous_9)
FNDA:12,(anonymous_10)
FNDA:12,(anonymous_11)
FNDA:1,(anonymous_12)
FNDA:12,(anonymous_13)
DA:9,7
DA:14,7
DA:15,7
DA:19,7
DA:20,7
DA:22,7
DA:23,7
DA:25,7
DA:26,70
DA:28,70
DA:30,70
DA:31,70
DA:33,7
DA:35,0
DA:36,0
DA:41,20
DA:43,20
DA:44,2
DA:45,2
DA:46,2
DA:47,2
DA:50,20
DA:51,8
DA:53,12
DA:57,3
DA:58,1
DA:61,2
DA:62,2
DA:63,2
DA:64,2
DA:67,2
DA:69,2
DA:70,2
DA:71,20
DA:72,8
DA:73,8
DA:75,8
DA:78,12
DA:79,12
DA:80,12
DA:82,12
DA:83,12
DA:84,6
DA:85,6
DA:87,6
DA:89,6
DA:90,6
DA:92,6
DA:98,2
DA:100,12
DA:103,1
DA:104,6
DA:105,6
DA:107,6
DA:108,0
DA:109,0
DA:114,1
DA:116,1
DA:127,1
DA:128,1
DA:130,1
DA:131,12
DA:132,12
LF:63
LH:59
BRDA:13,0,0,2
BRDA:44,1,0,2
BRDA:44,1,1,2
BRDA:44,1,2,2
BRDA:44,1,3,2
BRDA:45,2,0,2
BRDA:45,2,1,2
BRDA:45,2,2,2
BRDA:45,2,3,2
BRDA:45,2,4,2
BRDA:45,2,5,2
BRDA:46,3,0,2
BRDA:46,3,1,2
BRDA:46,3,2,2
BRDA:46,3,3,2
BRDA:46,3,4,2
BRDA:47,4,0,2
BRDA:47,4,1,2
BRDA:50,5,0,8
BRDA:50,5,1,12
BRDA:57,6,0,1
BRDA:57,6,1,2
BRDA:57,7,0,3
BRDA:57,7,1,3
BRDA:71,8,0,8
BRDA:71,8,1,12
BRDA:72,9,0,8
BRDA:72,9,1,0
BRDA:79,10,0,12
BRDA:79,10,1,0
BRDA:84,11,0,6
BRDA:84,11,1,0
BRDA:89,12,0,6
BRDA:89,12,1,0
BRDA:104,13,0,6
BRDA:104,13,1,0
BRDA:107,14,0,0
BRDA:107,14,1,6
BRDA:108,15,0,0
BRDA:108,15,1,0
BRDA:109,16,0,0
BRDA:109,16,1,0
BRDA:128,17,0,1
BRDA:128,17,1,0
BRDA:131,18,0,12
BRDA:131,18,1,6
BRF:46
BRH:35
end_of_record
TN:
SF:src/pool.ts
FN:5,(anonymous_0)
FN:7,(anonymous_1)
FN:8,(anonymous_2)
FN:9,(anonymous_3)
FN:26,(anonymous_4)
FNF:5
FNH:5
FNDA:5,(anonymous_0)
FNDA:20,(anonymous_1)
FNDA:20,(anonymous_2)
FNDA:20,(anonymous_3)
FNDA:40,(anonymous_4)
DA:2,5
DA:3,5
DA:5,5
DA:8,20
DA:9,20
DA:10,20
DA:11,20
DA:12,13
DA:14,7
DA:16,20
DA:17,20
DA:21,20
DA:22,20
DA:27,40
DA:28,20
DA:29,20
DA:30,20
DA:31,20
LF:18
LH:18
BRDA:27,0,0,20
BRDA:27,0,1,20
BRDA:27,1,0,40
BRDA:27,1,1,28
BRDA:29,2,0,20
BRDA:29,2,1,0
BRF:6
BRH:5
end_of_record
