TN:
SF:src/agent.ts
FN:11,(anonymous_0)
FN:19,(anonymous_1)
FN:54,(anonymous_2)
FN:64,(anonymous_3)
FNF:4
FNH:4
FNDA:8,(anonymous_0)
FNDA:3,(anonymous_1)
FNDA:1,(anonymous_2)
FNDA:3,(anonymous_3)
DA:12,8
DA:13,8
DA:16,8
DA:20,3
DA:22,3
DA:23,3
DA:25,3
DA:50,2
DA:52,2
DA:53,1
DA:54,1
DA:56,1
DA:59,1
DA:60,1
DA:66,3
DA:69,3
DA:71,3
DA:72,3
DA:73,3
DA:75,0
DA:76,0
DA:79,3
LF:22
LH:20
BRDA:26,0,0,3
BRDA:26,0,1,0
BRDA:52,1,0,1
BRDA:52,1,1,1
BRDA:66,2,0,0
BRDA:66,2,1,3
BRF:6
BRH:4
end_of_record
TN:
SF:src/app.ts
FN:12,(anonymous_0)
FN:17,(anonymous_1)
FN:28,(anonymous_2)
FN:52,(anonymous_3)
FNF:4
FNH:2
FNDA:2,(anonymous_0)
FNDA:0,(anonymous_1)
FNDA:2,(anonymous_2)
FNDA:0,(anonymous_3)
DA:7,1
DA:8,1
DA:9,1
DA:12,1
DA:13,2
DA:14,2
DA:17,1
DA:18,0
DA:19,0
DA:21,0
DA:28,1
DA:29,2
DA:31,2
DA:32,2
DA:35,0
DA:37,0
DA:38,0
DA:39,0
DA:41,0
DA:42,0
DA:43,0
DA:45,0
DA:48,0
DA:49,0
DA:50,0
DA:52,0
DA:53,0
DA:54,0
DA:57,0
DA:58,0
DA:60,0
DA:61,0
DA:63,0
DA:64,0
DA:65,0
DA:67,0
DA:68,0
LF:37
LH:11
BRDA:19,0,0,0
BRDA:19,0,1,0
BRDA:31,1,0,2
BRDA:31,1,1,0
BRDA:31,2,0,2
BRDA:31,2,1,1
BRDA:64,3,0,0
BRDA:64,3,1,0
BRDA:65,4,0,0
BRDA:65,4,1,0
BRDA:67,5,0,0
BRDA:67,5,1,0
BRF:12
BRH:3
end_of_record
TN:
SF:src/github.ts
FN:7,(anonymous_0)
FN:14,(anonymous_1)
FN:30,(anonymous_2)
FN:54,(anonymous_3)
FNF:4
FNH:3
FNDA:3,(anonymous_0)
FNDA:2,(anonymous_1)
FNDA:0,(anonymous_2)
FNDA:1,(anonymous_3)
DA:8,3
DA:15,2
DA:16,2
DA:17,2
DA:18,1
DA:20,1
DA:31,0
DA:33,0
DA:34,0
DA:43,0
DA:44,0
DA:46,0
DA:47,0
DA:55,1
DA:56,1
DA:59,1
DA:60,2
DA:61,2
DA:62,2
DA:63,2
DA:69,1
LF:21
LH:14
BRDA:17,0,0,1
BRDA:17,0,1,1
BRDA:62,1,0,2
BRDA:62,1,1,0
BRDA:62,2,0,2
BRDA:62,2,1,2
BRF:6
BRH:5
end_of_record
TN:
SF:src/orchestrator.ts
FN:10,(anonymous_0)
FN:15,(anonymous_1)
FN:21,(anonymous_2)
FN:34,(anonymous_3)
FN:56,(anonymous_4)
FN:67,(anonymous_5)
FN:71,(anonymous_6)
FNF:7
FNH:7
FNDA:4,(anonymous_0)
FNDA:4,(anonymous_1)
FNDA:3,(anonymous_2)
FNDA:2,(anonymous_3)
FNDA:2,(anonymous_4)
FNDA:1,(anonymous_5)
FNDA:2,(anonymous_6)
DA:6,4
DA:11,4
DA:12,4
DA:16,4
DA:22,3
DA:23,1
DA:26,2
DA:27,2
DA:30,2
DA:32,2
DA:33,2
DA:34,2
DA:35,2
DA:36,2
DA:38,2
DA:39,2
DA:40,1
DA:41,1
DA:43,1
DA:45,1
DA:46,1
DA:48,1
DA:54,2
DA:56,2
DA:59,1
DA:60,1
DA:64,1
DA:68,1
DA:69,1
DA:71,1
DA:72,2
DA:73,2
LF:32
LH:32
BRDA:10,0,0,2
BRDA:22,1,0,1
BRDA:22,1,1,2
BRDA:22,2,0,3
BRDA:22,2,1,3
BRDA:35,3,0,2
BRDA:35,3,1,0
BRDA:40,4,0,1
BRDA:40,4,1,0
BRDA:45,5,0,1
BRDA:45,5,1,0
BRDA:69,6,0,1
BRDA:69,6,1,0
BRDA:72,7,0,2
BRDA:72,7,1,1
BRF:15
BRH:11
end_of_record
TN:
SF:src/pool.ts
FN:5,(anonymous_0)
FN:7,(anonymous_1)
FN:8,(anonymous_2)
FN:9,(anonymous_3)
FN:26,(anonymous_4)
FNF:5
FNH:5
FNDA:5,(anonymous_0)
FNDA:10,(anonymous_1)
FNDA:10,(anonymous_2)
FNDA:10,(anonymous_3)
FNDA:20,(anonymous_4)
DA:2,5
DA:3,5
DA:5,5
DA:8,10
DA:9,10
DA:10,10
DA:11,10
DA:12,8
DA:14,2
DA:16,10
DA:17,10
DA:21,10
DA:22,10
DA:27,20
DA:28,10
DA:29,10
DA:30,10
DA:31,10
LF:18
LH:18
BRDA:27,0,0,10
BRDA:27,0,1,10
BRDA:27,1,0,20
BRDA:27,1,1,18
BRDA:29,2,0,10
BRDA:29,2,1,0
BRF:6
BRH:5
end_of_record
